# JRE version: Java(TM) SE Runtime Environment (8.0_181-b13) (build 1.8.0_181-b13)
# Java VM: Java HotSpot(TM) 64-Bit Server VM (25.181-b13 mixed mode windows-amd64 compressed oops)
Heap:
 PSYoungGen      total 274432K, used 80543K [0x00000000d5f00000, 0x00000000e7e00000, 0x0000000100000000)
  eden space 258048K, 25% used [0x00000000d5f00000,0x00000000da031858,0x00000000e5b00000)
  from space 16384K, 84% used [0x00000000e6e00000,0x00000000e7b76498,0x00000000e7e00000)
  to   space 17920K, 11% used [0x00000000e5b00000,0x00000000e5d000a0,0x00000000e6c80000)
 ParOldGen       total 84480K, used 31576K [0x0000000081c00000, 0x0000000086e80000, 0x00000000d5f00000)
  object space 84480K, 37% used [0x0000000081c00000,0x0000000083ad6280,0x0000000086e80000)
 Metaspace       used 43141K, capacity 45178K, committed 45312K, reserved 1091584K
  class space    used 5862K, capacity 6315K, committed 6400K, reserved 1048576K
GC Heap History (10 events):
Event: 11.481 GC heap after
Heap after GC invocations=8 (full 1):
 PSYoungGen      total 139776K, used 8756K [0x00000000d5f00000, 0x00000000e3200000, 0x0000000100000000)
  eden space 128512K, 0% used [0x00000000d5f00000,0x00000000d5f00000,0x00000000ddc80000)
  from space 11264K, 77% used [0x00000000ddc80000,0x00000000de50d208,0x00000000de780000)
  to   space 11776K, 0% used [0x00000000e2680000,0x00000000e2680000,0x00000000e3200000)
 ParOldGen       total 57856K, used 10026K [0x0000000081c00000, 0x0000000085480000, 0x00000000d5f00000)
  object space 57856K, 17% used [0x0000000081c00000,0x00000000825cabd8,0x0000000085480000)
 Metaspace       used 26725K, capacity 27750K, committed 28032K, reserved 1073152K
  class space    used 3600K, capacity 3846K, committed 3968K, reserved 1048576K
}
Event: 14.194 GC heap before
{Heap before GC invocations=9 (full 1):
 PSYoungGen      total 139776K, used 137268K [0x00000000d5f00000, 0x00000000e3200000, 0x0000000100000000)
  eden space 128512K, 100% used [0x00000000d5f00000,0x00000000ddc80000,0x00000000ddc80000)
  from space 11264K, 77% used [0x00000000ddc80000,0x00000000de50d208,0x00000000de780000)
  to   space 11776K, 0% used [0x00000000e2680000,0x00000000e2680000,0x00000000e3200000)
 ParOldGen       total 57856K, used 10026K [0x0000000081c00000, 0x0000000085480000, 0x00000000d5f00000)
  object space 57856K, 17% used [0x0000000081c00000,0x00000000825cabd8,0x0000000085480000)
 Metaspace       used 29842K, capacity 31200K, committed 31360K, reserved 1077248K
  class space    used 4059K, capacity 4368K, committed 4480K, reserved 1048576K
Event: 14.226 GC heap after
Heap after GC invocations=9 (full 1):
 PSYoungGen      total 202240K, used 11766K [0x00000000d5f00000, 0x00000000e4900000, 0x0000000100000000)
  eden space 190464K, 0% used [0x00000000d5f00000,0x00000000d5f00000,0x00000000e1900000)
  from space 11776K, 99% used [0x00000000e2680000,0x00000000e31fdab0,0x00000000e3200000)
  to   space 13824K, 0% used [0x00000000e1900000,0x00000000e1900000,0x00000000e2680000)
 ParOldGen       total 57856K, used 11547K [0x0000000081c00000, 0x0000000085480000, 0x00000000d5f00000)
  object space 57856K, 19% used [0x0000000081c00000,0x0000000082746ee0,0x0000000085480000)
 Metaspace       used 29842K, capacity 31200K, committed 31360K, reserved 1077248K
  class space    used 4059K, capacity 4368K, committed 4480K, reserved 1048576K
}
Event: 16.841 GC heap before
{Heap before GC invocations=10 (full 1):
 PSYoungGen      total 202240K, used 130034K [0x00000000d5f00000, 0x00000000e4900000, 0x0000000100000000)
  eden space 190464K, 62% used [0x00000000d5f00000,0x00000000dd27ed50,0x00000000e1900000)
  from space 11776K, 99% used [0x00000000e2680000,0x00000000e31fdab0,0x00000000e3200000)
  to   space 13824K, 0% used [0x00000000e1900000,0x00000000e1900000,0x00000000e2680000)
 ParOldGen       total 57856K, used 11547K [0x0000000081c00000, 0x0000000085480000, 0x00000000d5f00000)
  object space 57856K, 19% used [0x0000000081c00000,0x0000000082746ee0,0x0000000085480000)
 Metaspace       used 34036K, capacity 35404K, committed 35456K, reserved 1079296K
  class space    used 4657K, capacity 4974K, committed 4992K, reserved 1048576K
Event: 16.864 GC heap after
Heap after GC invocations=10 (full 1):
 PSYoungGen      total 204288K, used 13792K [0x00000000d5f00000, 0x00000000e7e80000, 0x0000000100000000)
  eden space 190464K, 0% used [0x00000000d5f00000,0x00000000d5f00000,0x00000000e1900000)
  from space 13824K, 99% used [0x00000000e1900000,0x00000000e26782b0,0x00000000e2680000)
  to   space 16896K, 0% used [0x00000000e6e00000,0x00000000e6e00000,0x00000000e7e80000)
 ParOldGen       total 57856K, used 14448K [0x0000000081c00000, 0x0000000085480000, 0x00000000d5f00000)
  object space 57856K, 24% used [0x0000000081c00000,0x0000000082a1c140,0x0000000085480000)
 Metaspace       used 34036K, capacity 35404K, committed 35456K, reserved 1079296K
  class space    used 4657K, capacity 4974K, committed 4992K, reserved 1048576K
}
Event: 16.864 GC heap before
{Heap before GC invocations=11 (full 2):
 PSYoungGen      total 204288K, used 13792K [0x00000000d5f00000, 0x00000000e7e80000, 0x0000000100000000)
  eden space 190464K, 0% used [0x00000000d5f00000,0x00000000d5f00000,0x00000000e1900000)
  from space 13824K, 99% used [0x00000000e1900000,0x00000000e26782b0,0x00000000e2680000)
  to   space 16896K, 0% used [0x00000000e6e00000,0x00000000e6e00000,0x00000000e7e80000)
 ParOldGen       total 57856K, used 14448K [0x0000000081c00000, 0x0000000085480000, 0x00000000d5f00000)
  object space 57856K, 24% used [0x0000000081c00000,0x0000000082a1c140,0x0000000085480000)
 Metaspace       used 34036K, capacity 35404K, committed 35456K, reserved 1079296K
  class space    used 4657K, capacity 4974K, committed 4992K, reserved 1048576K
Event: 16.977 GC heap after
Heap after GC invocations=11 (full 2):
 PSYoungGen      total 204288K, used 0K [0x00000000d5f00000, 0x00000000e7e80000, 0x0000000100000000)
  eden space 190464K, 0% used [0x00000000d5f00000,0x00000000d5f00000,0x00000000e1900000)
  from space 13824K, 0% used [0x00000000e1900000,0x00000000e1900000,0x00000000e2680000)
  to   space 16896K, 0% used [0x00000000e6e00000,0x00000000e6e00000,0x00000000e7e80000)
 ParOldGen       total 84480K, used 21681K [0x0000000081c00000, 0x0000000086e80000, 0x00000000d5f00000)
  object space 84480K, 25% used [0x0000000081c00000,0x000000008312c7d8,0x0000000086e80000)
 Metaspace       used 34036K, capacity 35404K, committed 35456K, reserved 1079296K
  class space    used 4657K, capacity 4974K, committed 4992K, reserved 1048576K
}
Event: 19.489 GC heap before
{Heap before GC invocations=12 (full 2):
 PSYoungGen      total 204288K, used 190464K [0x00000000d5f00000, 0x00000000e7e80000, 0x0000000100000000)
  eden space 190464K, 100% used [0x00000000d5f00000,0x00000000e1900000,0x00000000e1900000)
  from space 13824K, 0% used [0x00000000e1900000,0x00000000e1900000,0x00000000e2680000)
  to   space 16896K, 0% used [0x00000000e6e00000,0x00000000e6e00000,0x00000000e7e80000)
 ParOldGen       total 84480K, used 21681K [0x0000000081c00000, 0x0000000086e80000, 0x00000000d5f00000)
  object space 84480K, 25% used [0x0000000081c00000,0x000000008312c7d8,0x0000000086e80000)
 Metaspace       used 39929K, capacity 41792K, committed 41984K, reserved 1085440K
  class space    used 5405K, capacity 5776K, committed 5888K, reserved 1048576K
Event: 19.513 GC heap after
Heap after GC invocations=12 (full 2):
 PSYoungGen      total 274432K, used 13785K [0x00000000d5f00000, 0x00000000e7e00000, 0x0000000100000000)
  eden space 258048K, 0% used [0x00000000d5f00000,0x00000000d5f00000,0x00000000e5b00000)
  from space 16384K, 84% used [0x00000000e6e00000,0x00000000e7b76498,0x00000000e7e00000)
  to   space 17920K, 0% used [0x00000000e5b00000,0x00000000e5b00000,0x00000000e6c80000)
 ParOldGen       total 84480K, used 21689K [0x0000000081c00000, 0x0000000086e80000, 0x00000000d5f00000)
  object space 84480K, 25% used [0x0000000081c00000,0x000000008312e7d8,0x0000000086e80000)
 Metaspace       used 39929K, capacity 41792K, committed 41984K, reserved 1085440K
  class space    used 5405K, capacity 5776K, committed 5888K, reserved 1048576K
}
Event: 20.858 GC heap before
{Heap before GC invocations=13 (full 2):
 PSYoungGen      total 274432K, used 80543K [0x00000000d5f00000, 0x00000000e7e00000, 0x0000000100000000)
  eden space 258048K, 25% used [0x00000000d5f00000,0x00000000da031858,0x00000000e5b00000)
  from space 16384K, 84% used [0x00000000e6e00000,0x00000000e7b76498,0x00000000e7e00000)
  to   space 17920K, 0% used [0x00000000e5b00000,0x00000000e5b00000,0x00000000e6c80000)
 ParOldGen       total 84480K, used 21689K [0x0000000081c00000, 0x0000000086e80000, 0x00000000d5f00000)
  object space 84480K, 25% used [0x0000000081c00000,0x000000008312e7d8,0x0000000086e80000)
 Metaspace       used 43141K, capacity 45178K, committed 45312K, reserved 1091584K
  class space    used 5862K, capacity 6315K, committed 6400K, reserved 1048576K

